<?xml version="1.0" encoding="UTF-8"?>
<testng-results ignored="0" total="1" passed="1" failed="0" skipped="0">
  <reporter-output>
  </reporter-output>
  <suite started-at="2023-04-13T19:19:23 IST" name="Default suite" finished-at="2023-04-13T19:20:13 IST" duration-ms="50008">
    <groups>
    </groups>
    <test started-at="2023-04-13T19:19:23 IST" name="Default test" finished-at="2023-04-13T19:20:13 IST" duration-ms="50008">
      <class name="ExampleScript">
        <test-method signature="script()[pri:0, instance:ExampleScript@22ef9844]" started-at="2023-04-13T19:19:23 IST" name="script" finished-at="2023-04-13T19:20:13 IST" duration-ms="49910" status="PASS">
          <reporter-output>
          </reporter-output>
        </test-method> <!-- script -->
      </class> <!-- ExampleScript -->
    </test> <!-- Default test -->
  </suite> <!-- Default suite -->
</testng-results>
